Build started 21/11/2015 23:59:02.
     1>Project "C:\Users\Masimba\Documents\GitHub\DungeonCrawler\Dungeon Crawler Game\Game\Game.vcxproj" on node 2 (Build target(s)).
     1>ClCompile:
         C:\Program Files (x86)\Microsoft Visual Studio 12.0\VC\bin\CL.exe /c /I"SFML-2.3.2\include" /ZI /nologo /W3 /WX- /sdl /Od /Oy- /D _MBCS /Gm /EHsc /RTC1 /MDd /GS /fp:precise /Zc:wchar_t /Zc:forScope /Fo"Debug\\" /Fd"Debug\vc120.pdb" /Gd /TP /analyze- /errorReport:prompt Entities\Enemy.cpp Entities\Entity.cpp Entities\Player.cpp GUI\GUI.cpp GameManager\GameManager.cpp Map\Map.cpp States\PlayState.cpp Utils\Camera.cpp main.cpp
         Camera.cpp
         Map.cpp
     1>c:\users\masimba\documents\github\dungeoncrawler\dungeon crawler game\game\map\map.cpp(11): warning C4018: '<' : signed/unsigned mismatch
     1>c:\users\masimba\documents\github\dungeoncrawler\dungeon crawler game\game\map\map.cpp(14): warning C4018: '<' : signed/unsigned mismatch
     1>c:\users\masimba\documents\github\dungeoncrawler\dungeon crawler game\game\map\map.cpp(16): warning C4018: '<' : signed/unsigned mismatch
     1>c:\users\masimba\documents\github\dungeoncrawler\dungeon crawler game\game\map\map.cpp(26): warning C4018: '<' : signed/unsigned mismatch
     1>c:\users\masimba\documents\github\dungeoncrawler\dungeon crawler game\game\map\map.cpp(39): warning C4018: '<' : signed/unsigned mismatch
     1>c:\users\masimba\documents\github\dungeoncrawler\dungeon crawler game\game\map\map.cpp(41): warning C4018: '<' : signed/unsigned mismatch
     1>c:\users\masimba\documents\github\dungeoncrawler\dungeon crawler game\game\map\map.cpp(45): warning C4244: 'argument' : conversion from 'const int' to 'float', possible loss of data
     1>c:\users\masimba\documents\github\dungeoncrawler\dungeon crawler game\game\map\map.cpp(46): warning C4244: 'argument' : conversion from 'const int' to 'float', possible loss of data
     1>c:\users\masimba\documents\github\dungeoncrawler\dungeon crawler game\game\map\map.cpp(47): warning C4244: 'argument' : conversion from 'const int' to 'float', possible loss of data
     1>c:\users\masimba\documents\github\dungeoncrawler\dungeon crawler game\game\map\map.cpp(48): warning C4244: 'argument' : conversion from 'const int' to 'float', possible loss of data
     1>c:\users\masimba\documents\github\dungeoncrawler\dungeon crawler game\game\map\map.cpp(73): warning C4018: '<' : signed/unsigned mismatch
     1>c:\users\masimba\documents\github\dungeoncrawler\dungeon crawler game\game\map\map.cpp(75): warning C4018: '<' : signed/unsigned mismatch
     1>c:\users\masimba\documents\github\dungeoncrawler\dungeon crawler game\game\map\map.cpp(77): warning C4244: 'argument' : conversion from 'const int' to 'float', possible loss of data
     1>c:\users\masimba\documents\github\dungeoncrawler\dungeon crawler game\game\map\map.cpp(88): warning C4018: '<' : signed/unsigned mismatch
     1>c:\users\masimba\documents\github\dungeoncrawler\dungeon crawler game\game\map\map.cpp(90): warning C4018: '<' : signed/unsigned mismatch
     1>c:\users\masimba\documents\github\dungeoncrawler\dungeon crawler game\game\map\map.cpp(92): warning C4244: 'argument' : conversion from 'const int' to 'float', possible loss of data
     1>c:\users\masimba\documents\github\dungeoncrawler\dungeon crawler game\game\map\map.cpp(106): warning C4018: '<' : signed/unsigned mismatch
     1>c:\users\masimba\documents\github\dungeoncrawler\dungeon crawler game\game\map\map.cpp(108): warning C4018: '<' : signed/unsigned mismatch
     1>c:\users\masimba\documents\github\dungeoncrawler\dungeon crawler game\game\map\map.cpp(110): warning C4244: 'argument' : conversion from 'const int' to 'float', possible loss of data
     1>c:\users\masimba\documents\github\dungeoncrawler\dungeon crawler game\game\map\map.cpp(132): warning C4002: too many actual parameters for macro 'assert'
     1>c:\users\masimba\documents\github\dungeoncrawler\dungeon crawler game\game\map\map.cpp(132): warning C4018: '<' : signed/unsigned mismatch
         Enemy.cpp
         Generating Code...
         Compiling...
         main.cpp
         PlayState.cpp
     1>c:\users\masimba\documents\github\dungeoncrawler\dungeon crawler game\game\states\playstate.cpp(146): warning C4018: '<' : signed/unsigned mismatch
     1>c:\users\masimba\documents\github\dungeoncrawler\dungeon crawler game\game\states\playstate.cpp(171): warning C4018: '<' : signed/unsigned mismatch
         GameManager.cpp
         GUI.cpp
     1>c:\users\masimba\documents\github\dungeoncrawler\dungeon crawler game\game\gui\gui.cpp(41): warning C4244: 'argument' : conversion from 'const int' to 'float', possible loss of data
         Player.cpp
         Entity.cpp
         Generating Code...
     1>c:\users\masimba\documents\github\dungeoncrawler\dungeon crawler game\game\gui\gui.cpp(26): warning C4715: 'GUI::init' : not all control paths return a value
       Link:
         C:\Program Files (x86)\Microsoft Visual Studio 12.0\VC\bin\link.exe /ERRORREPORT:PROMPT /OUT:"C:\Users\Masimba\Documents\GitHub\DungeonCrawler\Dungeon Crawler Game\Debug\Game.exe" /INCREMENTAL /NOLOGO /LIBPATH:"SFML-2.3.2\lib" "sfml-graphics-d.lib" "sfml-window-d.lib" "sfml-system-d.lib" kernel32.lib user32.lib gdi32.lib winspool.lib comdlg32.lib advapi32.lib shell32.lib ole32.lib oleaut32.lib uuid.lib odbc32.lib odbccp32.lib /MANIFEST /MANIFESTUAC:"level='asInvoker' uiAccess='false'" /manifest:embed /DEBUG /PDB:"C:\Users\Masimba\Documents\GitHub\DungeonCrawler\Dungeon Crawler Game\Debug\Game.pdb" /TLBID:1 /DYNAMICBASE /NXCOMPAT /IMPLIB:"C:\Users\Masimba\Documents\GitHub\DungeonCrawler\Dungeon Crawler Game\Debug\Game.lib" /MACHINE:X86 Debug\Entity.obj
         Debug\Player.obj
         Debug\Enemy.obj
         Debug\GUI.obj
         Debug\PlayState.obj
         Debug\AnimatedSprite.obj
         Debug\GameManager.obj
         Debug\main.obj
         Debug\Map.obj
         Debug\MapLoader.obj
         Debug\State.obj
         Debug\Animation.obj
         Debug\Camera.obj
         Debug\MathUtils.obj
         Debug\Utils.obj
         Game.vcxproj -> C:\Users\Masimba\Documents\GitHub\DungeonCrawler\Dungeon Crawler Game\Debug\Game.exe
     1>Done Building Project "C:\Users\Masimba\Documents\GitHub\DungeonCrawler\Dungeon Crawler Game\Game\Game.vcxproj" (Build target(s)).

Build succeeded.

Time Elapsed 00:00:08.98
